<?xml version="1.0" encoding="UTF-8"?>
<!-- Generated by org.testng.reporters.JUnitReportReporter -->
<testsuite skipped="0" hostname="DESKTOP-57TO61H" name="homeDepotProject_1.homeDepot_Test" tests="1" failures="0" timestamp="19 Jul 2019 21:06:18 GMT" time="24.269" errors="0">
  <testcase name="RunhomeDepot" time="24.269" classname="homeDepotProject_1.homeDepot_Test"/>
</testsuite> <!-- homeDepotProject_1.homeDepot_Test -->
