<?xml version="1.0" encoding="UTF-8"?>
<!-- Generated by org.testng.reporters.JUnitReportReporter -->
<testsuite skipped="0" hostname="DESKTOP-57TO61H" name="expediaProject2.TestExpedia" tests="1" failures="0" timestamp="19 Jul 2019 20:52:56 GMT" time="130.447" errors="0">
  <testcase name="RunTestExpedia" time="130.447" classname="expediaProject2.TestExpedia"/>
</testsuite> <!-- expediaProject2.TestExpedia -->
