<?xml version="1.0" encoding="UTF-8"?>
<!-- Generated by org.testng.reporters.JUnitReportReporter -->
<testsuite skipped="0" hostname="DESKTOP-57TO61H" name="homeDepotProject_1.homeDepot_Test" tests="1" failures="0" timestamp="19 Jul 2019 23:29:06 GMT" time="21.285" errors="0">
  <testcase name="RunhomeDepot" time="21.285" classname="homeDepotProject_1.homeDepot_Test"/>
</testsuite> <!-- homeDepotProject_1.homeDepot_Test -->
